{"/Users/victorramirez/Documents/repos-interview/docker-node-express-boilerplate/app/app.js": {"path":"/Users/victorramirez/Documents/repos-interview/docker-node-express-boilerplate/app/app.js","statementMap":{"0":{"start":{"line":2,"column":15},"end":{"line":2,"column":32}},"1":{"start":{"line":3,"column":16},"end":{"line":3,"column":34}},"2":{"start":{"line":6,"column":53},"end":{"line":6,"column":72}},"3":{"start":{"line":7,"column":25},"end":{"line":7,"column":46}},"4":{"start":{"line":8,"column":29},"end":{"line":8,"column":49}},"5":{"start":{"line":11,"column":0},"end":{"line":11,"column":16}},"6":{"start":{"line":12,"column":12},"end":{"line":12,"column":21}},"7":{"start":{"line":18,"column":4},"end":{"line":18,"column":16}},"8":{"start":{"line":21,"column":0},"end":{"line":21,"column":20}},"9":{"start":{"line":24,"column":0},"end":{"line":24,"column":48}},"10":{"start":{"line":25,"column":0},"end":{"line":25,"column":39}},"11":{"start":{"line":26,"column":0},"end":{"line":26,"column":27}},"12":{"start":{"line":29,"column":0},"end":{"line":29,"column":31}},"13":{"start":{"line":31,"column":0},"end":{"line":31,"column":42}},"14":{"start":{"line":34,"column":0},"end":{"line":34,"column":32}},"15":{"start":{"line":36,"column":0},"end":{"line":36,"column":32}},"16":{"start":{"line":38,"column":0},"end":{"line":38,"column":28}},"17":{"start":{"line":44,"column":0},"end":{"line":44,"column":21}}},"fnMap":{},"branchMap":{},"s":{"0":1,"1":1,"2":1,"3":1,"4":1,"5":1,"6":1,"7":1,"8":1,"9":1,"10":1,"11":1,"12":1,"13":1,"14":1,"15":1,"16":1,"17":1},"f":{},"b":{},"_coverageSchema":"1a1c01bbd47fc00a2c39e90264f33305004495a9","hash":"cb54dd5205f472e6ef4e46da9d79828fd5ef3067"}
,"/Users/victorramirez/Documents/repos-interview/docker-node-express-boilerplate/app/config.js": {"path":"/Users/victorramirez/Documents/repos-interview/docker-node-express-boilerplate/app/config.js","statementMap":{"0":{"start":{"line":1,"column":17},"end":{"line":1,"column":36}},"1":{"start":{"line":3,"column":17},"end":{"line":3,"column":34}},"2":{"start":{"line":4,"column":12},"end":{"line":4,"column":32}},"3":{"start":{"line":5,"column":13},"end":{"line":5,"column":37}},"4":{"start":{"line":12,"column":4},"end":{"line":12,"column":62}},"5":{"start":{"line":14,"column":2},"end":{"line":14,"column":29}},"6":{"start":{"line":15,"column":2},"end":{"line":17,"column":3}},"7":{"start":{"line":16,"column":4},"end":{"line":16,"column":32}},"8":{"start":{"line":19,"column":2},"end":{"line":29,"column":3}},"9":{"start":{"line":20,"column":4},"end":{"line":24,"column":7}},"10":{"start":{"line":25,"column":4},"end":{"line":25,"column":67}},"11":{"start":{"line":27,"column":4},"end":{"line":27,"column":23}},"12":{"start":{"line":28,"column":4},"end":{"line":28,"column":20}},"13":{"start":{"line":37,"column":2},"end":{"line":37,"column":54}},"14":{"start":{"line":38,"column":2},"end":{"line":38,"column":57}},"15":{"start":{"line":39,"column":2},"end":{"line":42,"column":4}},"16":{"start":{"line":43,"column":2},"end":{"line":46,"column":4}},"17":{"start":{"line":47,"column":2},"end":{"line":47,"column":54}},"18":{"start":{"line":48,"column":2},"end":{"line":48,"column":16}},"19":{"start":{"line":51,"column":0},"end":{"line":57,"column":2}}},"fnMap":{"0":{"name":"connectToDatabase","decl":{"start":{"line":10,"column":15},"end":{"line":10,"column":32}},"loc":{"start":{"line":10,"column":35},"end":{"line":30,"column":1}},"line":10},"1":{"name":"globalResponseHeaders","decl":{"start":{"line":36,"column":9},"end":{"line":36,"column":30}},"loc":{"start":{"line":36,"column":56},"end":{"line":49,"column":1}},"line":36}},"branchMap":{"0":{"loc":{"start":{"line":5,"column":13},"end":{"line":5,"column":37}},"type":"binary-expr","locations":[{"start":{"line":5,"column":13},"end":{"line":5,"column":29}},{"start":{"line":5,"column":33},"end":{"line":5,"column":37}}],"line":5},"1":{"loc":{"start":{"line":12,"column":4},"end":{"line":12,"column":62}},"type":"binary-expr","locations":[{"start":{"line":12,"column":4},"end":{"line":12,"column":27}},{"start":{"line":12,"column":31},"end":{"line":12,"column":62}}],"line":12},"2":{"loc":{"start":{"line":15,"column":2},"end":{"line":17,"column":3}},"type":"if","locations":[{"start":{"line":15,"column":2},"end":{"line":17,"column":3}},{"start":{},"end":{}}],"line":15},"3":{"loc":{"start":{"line":15,"column":6},"end":{"line":15,"column":45}},"type":"binary-expr","locations":[{"start":{"line":15,"column":6},"end":{"line":15,"column":27}},{"start":{"line":15,"column":31},"end":{"line":15,"column":45}}],"line":15}},"s":{"0":1,"1":1,"2":1,"3":1,"4":1,"5":1,"6":1,"7":1,"8":1,"9":1,"10":1,"11":0,"12":0,"13":7,"14":7,"15":7,"16":7,"17":7,"18":7,"19":1},"f":{"0":1,"1":7},"b":{"0":[1,1],"1":[1,0],"2":[1,0],"3":[1,1]},"_coverageSchema":"1a1c01bbd47fc00a2c39e90264f33305004495a9","hash":"e3780357da5ed3f8741d6c30912eae8c6b6ec75e"}
,"/Users/victorramirez/Documents/repos-interview/docker-node-express-boilerplate/app/dtos/index.js": {"path":"/Users/victorramirez/Documents/repos-interview/docker-node-express-boilerplate/app/dtos/index.js","statementMap":{"0":{"start":{"line":1,"column":0},"end":{"line":1,"column":56}}},"fnMap":{},"branchMap":{},"s":{"0":1},"f":{},"b":{},"_coverageSchema":"1a1c01bbd47fc00a2c39e90264f33305004495a9","hash":"faef78da84ed1d3ce89332db4610d744a9ddf600"}
,"/Users/victorramirez/Documents/repos-interview/docker-node-express-boilerplate/app/handlers/collective.js": {"path":"/Users/victorramirez/Documents/repos-interview/docker-node-express-boilerplate/app/handlers/collective.js","statementMap":{"0":{"start":{"line":1,"column":21},"end":{"line":1,"column":42}},"1":{"start":{"line":2,"column":23},"end":{"line":2,"column":43}},"2":{"start":{"line":3,"column":21},"end":{"line":3,"column":42}},"3":{"start":{"line":4,"column":26},"end":{"line":4,"column":44}},"4":{"start":{"line":7,"column":21},"end":{"line":7,"column":58}},"5":{"start":{"line":8,"column":2},"end":{"line":16,"column":3}},"6":{"start":{"line":9,"column":4},"end":{"line":15,"column":6}},"7":{"start":{"line":13,"column":37},"end":{"line":13,"column":44}},"8":{"start":{"line":18,"column":2},"end":{"line":25,"column":3}},"9":{"start":{"line":19,"column":26},"end":{"line":21,"column":5}},"10":{"start":{"line":22,"column":4},"end":{"line":22,"column":52}},"11":{"start":{"line":24,"column":4},"end":{"line":24,"column":21}},"12":{"start":{"line":33,"column":19},"end":{"line":33,"column":33}},"13":{"start":{"line":34,"column":2},"end":{"line":39,"column":3}},"14":{"start":{"line":35,"column":23},"end":{"line":35,"column":59}},"15":{"start":{"line":36,"column":4},"end":{"line":36,"column":37}},"16":{"start":{"line":38,"column":4},"end":{"line":38,"column":21}},"17":{"start":{"line":47,"column":19},"end":{"line":47,"column":33}},"18":{"start":{"line":49,"column":21},"end":{"line":49,"column":58}},"19":{"start":{"line":50,"column":2},"end":{"line":58,"column":3}},"20":{"start":{"line":51,"column":4},"end":{"line":57,"column":6}},"21":{"start":{"line":55,"column":37},"end":{"line":55,"column":44}},"22":{"start":{"line":60,"column":2},"end":{"line":65,"column":3}},"23":{"start":{"line":61,"column":23},"end":{"line":61,"column":76}},"24":{"start":{"line":62,"column":4},"end":{"line":62,"column":37}},"25":{"start":{"line":64,"column":4},"end":{"line":64,"column":21}},"26":{"start":{"line":73,"column":19},"end":{"line":73,"column":33}},"27":{"start":{"line":74,"column":2},"end":{"line":79,"column":3}},"28":{"start":{"line":75,"column":22},"end":{"line":75,"column":61}},"29":{"start":{"line":76,"column":4},"end":{"line":76,"column":36}},"30":{"start":{"line":78,"column":4},"end":{"line":78,"column":21}},"31":{"start":{"line":86,"column":2},"end":{"line":91,"column":3}},"32":{"start":{"line":87,"column":19},"end":{"line":87,"column":47}},"33":{"start":{"line":88,"column":4},"end":{"line":88,"column":33}},"34":{"start":{"line":90,"column":4},"end":{"line":90,"column":21}},"35":{"start":{"line":94,"column":0},"end":{"line":100,"column":2}}},"fnMap":{"0":{"name":"createCollective","decl":{"start":{"line":6,"column":15},"end":{"line":6,"column":31}},"loc":{"start":{"line":6,"column":57},"end":{"line":26,"column":1}},"line":6},"1":{"name":"(anonymous_1)","decl":{"start":{"line":13,"column":30},"end":{"line":13,"column":31}},"loc":{"start":{"line":13,"column":37},"end":{"line":13,"column":44}},"line":13},"2":{"name":"getCollective","decl":{"start":{"line":32,"column":15},"end":{"line":32,"column":28}},"loc":{"start":{"line":32,"column":54},"end":{"line":40,"column":1}},"line":32},"3":{"name":"updateCollective","decl":{"start":{"line":46,"column":15},"end":{"line":46,"column":31}},"loc":{"start":{"line":46,"column":57},"end":{"line":66,"column":1}},"line":46},"4":{"name":"(anonymous_4)","decl":{"start":{"line":55,"column":30},"end":{"line":55,"column":31}},"loc":{"start":{"line":55,"column":37},"end":{"line":55,"column":44}},"line":55},"5":{"name":"deleteCollective","decl":{"start":{"line":72,"column":15},"end":{"line":72,"column":31}},"loc":{"start":{"line":72,"column":57},"end":{"line":80,"column":1}},"line":72},"6":{"name":"getGroups","decl":{"start":{"line":85,"column":15},"end":{"line":85,"column":24}},"loc":{"start":{"line":85,"column":44},"end":{"line":92,"column":1}},"line":85}},"branchMap":{"0":{"loc":{"start":{"line":8,"column":2},"end":{"line":16,"column":3}},"type":"if","locations":[{"start":{"line":8,"column":2},"end":{"line":16,"column":3}},{"start":{},"end":{}}],"line":8},"1":{"loc":{"start":{"line":50,"column":2},"end":{"line":58,"column":3}},"type":"if","locations":[{"start":{"line":50,"column":2},"end":{"line":58,"column":3}},{"start":{},"end":{}}],"line":50}},"s":{"0":1,"1":1,"2":1,"3":1,"4":3,"5":3,"6":1,"7":2,"8":2,"9":2,"10":2,"11":0,"12":0,"13":0,"14":0,"15":0,"16":0,"17":1,"18":1,"19":1,"20":0,"21":0,"22":1,"23":1,"24":1,"25":0,"26":1,"27":1,"28":1,"29":1,"30":0,"31":1,"32":1,"33":1,"34":0,"35":1},"f":{"0":3,"1":2,"2":0,"3":1,"4":0,"5":1,"6":1},"b":{"0":[1,2],"1":[0,1]},"_coverageSchema":"1a1c01bbd47fc00a2c39e90264f33305004495a9","hash":"f39cc6364e19a558341fc552d291ae4f8aa555c9"}
,"/Users/victorramirez/Documents/repos-interview/docker-node-express-boilerplate/app/handlers/collectives.js": {"path":"/Users/victorramirez/Documents/repos-interview/docker-node-express-boilerplate/app/handlers/collectives.js","statementMap":{"0":{"start":{"line":1,"column":23},"end":{"line":1,"column":43}},"1":{"start":{"line":2,"column":37},"end":{"line":2,"column":58}},"2":{"start":{"line":5,"column":13},"end":{"line":5,"column":52}},"3":{"start":{"line":6,"column":14},"end":{"line":6,"column":63}},"4":{"start":{"line":7,"column":2},"end":{"line":11,"column":3}},"5":{"start":{"line":8,"column":4},"end":{"line":8,"column":22}},"6":{"start":{"line":9,"column":9},"end":{"line":11,"column":3}},"7":{"start":{"line":10,"column":4},"end":{"line":10,"column":23}},"8":{"start":{"line":13,"column":2},"end":{"line":18,"column":3}},"9":{"start":{"line":14,"column":24},"end":{"line":14,"column":76}},"10":{"start":{"line":15,"column":4},"end":{"line":15,"column":38}},"11":{"start":{"line":17,"column":4},"end":{"line":17,"column":21}},"12":{"start":{"line":21,"column":0},"end":{"line":23,"column":2}}},"fnMap":{"0":{"name":"getCollectives","decl":{"start":{"line":4,"column":15},"end":{"line":4,"column":29}},"loc":{"start":{"line":4,"column":55},"end":{"line":19,"column":1}},"line":4}},"branchMap":{"0":{"loc":{"start":{"line":5,"column":13},"end":{"line":5,"column":52}},"type":"binary-expr","locations":[{"start":{"line":5,"column":13},"end":{"line":5,"column":47}},{"start":{"line":5,"column":51},"end":{"line":5,"column":52}}],"line":5},"1":{"loc":{"start":{"line":6,"column":14},"end":{"line":6,"column":63}},"type":"binary-expr","locations":[{"start":{"line":6,"column":14},"end":{"line":6,"column":55}},{"start":{"line":6,"column":59},"end":{"line":6,"column":63}}],"line":6},"2":{"loc":{"start":{"line":7,"column":2},"end":{"line":11,"column":3}},"type":"if","locations":[{"start":{"line":7,"column":2},"end":{"line":11,"column":3}},{"start":{"line":9,"column":9},"end":{"line":11,"column":3}}],"line":7},"3":{"loc":{"start":{"line":9,"column":9},"end":{"line":11,"column":3}},"type":"if","locations":[{"start":{"line":9,"column":9},"end":{"line":11,"column":3}},{"start":{},"end":{}}],"line":9}},"s":{"0":1,"1":1,"2":1,"3":1,"4":1,"5":0,"6":1,"7":0,"8":1,"9":1,"10":1,"11":0,"12":1},"f":{"0":1},"b":{"0":[1,1],"1":[1,1],"2":[0,1],"3":[0,1]},"_coverageSchema":"1a1c01bbd47fc00a2c39e90264f33305004495a9","hash":"d3a55f515b371daab465d85b355ea5887e274d8b"}
,"/Users/victorramirez/Documents/repos-interview/docker-node-express-boilerplate/app/handlers/error.js": {"path":"/Users/victorramirez/Documents/repos-interview/docker-node-express-boilerplate/app/handlers/error.js","statementMap":{"0":{"start":{"line":1,"column":21},"end":{"line":1,"column":41}},"1":{"start":{"line":2,"column":21},"end":{"line":2,"column":42}},"2":{"start":{"line":5,"column":2},"end":{"line":8,"column":3}},"3":{"start":{"line":7,"column":4},"end":{"line":7,"column":69}},"4":{"start":{"line":12,"column":2},"end":{"line":18,"column":4}},"5":{"start":{"line":22,"column":2},"end":{"line":28,"column":4}},"6":{"start":{"line":32,"column":12},"end":{"line":32,"column":17}},"7":{"start":{"line":33,"column":2},"end":{"line":35,"column":3}},"8":{"start":{"line":34,"column":4},"end":{"line":34,"column":55}},"9":{"start":{"line":37,"column":2},"end":{"line":37,"column":47}},"10":{"start":{"line":40,"column":0},"end":{"line":45,"column":2}}},"fnMap":{"0":{"name":"bodyParserHandler","decl":{"start":{"line":4,"column":9},"end":{"line":4,"column":26}},"loc":{"start":{"line":4,"column":59},"end":{"line":9,"column":1}},"line":4},"1":{"name":"fourOhFourHandler","decl":{"start":{"line":11,"column":9},"end":{"line":11,"column":26}},"loc":{"start":{"line":11,"column":52},"end":{"line":19,"column":1}},"line":11},"2":{"name":"fourOhFiveHandler","decl":{"start":{"line":21,"column":9},"end":{"line":21,"column":26}},"loc":{"start":{"line":21,"column":52},"end":{"line":29,"column":1}},"line":21},"3":{"name":"globalErrorHandler","decl":{"start":{"line":31,"column":9},"end":{"line":31,"column":27}},"loc":{"start":{"line":31,"column":60},"end":{"line":38,"column":1}},"line":31}},"branchMap":{"0":{"loc":{"start":{"line":5,"column":2},"end":{"line":8,"column":3}},"type":"if","locations":[{"start":{"line":5,"column":2},"end":{"line":8,"column":3}},{"start":{},"end":{}}],"line":5},"1":{"loc":{"start":{"line":5,"column":6},"end":{"line":5,"column":64}},"type":"binary-expr","locations":[{"start":{"line":5,"column":6},"end":{"line":5,"column":34}},{"start":{"line":5,"column":38},"end":{"line":5,"column":64}}],"line":5},"2":{"loc":{"start":{"line":33,"column":2},"end":{"line":35,"column":3}},"type":"if","locations":[{"start":{"line":33,"column":2},"end":{"line":35,"column":3}},{"start":{},"end":{}}],"line":33}},"s":{"0":1,"1":1,"2":0,"3":0,"4":0,"5":0,"6":1,"7":1,"8":0,"9":1,"10":1},"f":{"0":0,"1":0,"2":0,"3":1},"b":{"0":[0,0],"1":[0,0],"2":[0,1]},"_coverageSchema":"1a1c01bbd47fc00a2c39e90264f33305004495a9","hash":"64e0ca96400fade851b8742768776b6fb24272e8"}
,"/Users/victorramirez/Documents/repos-interview/docker-node-express-boilerplate/app/handlers/index.js": {"path":"/Users/victorramirez/Documents/repos-interview/docker-node-express-boilerplate/app/handlers/index.js","statementMap":{"0":{"start":{"line":1,"column":0},"end":{"line":1,"column":42}},"1":{"start":{"line":2,"column":0},"end":{"line":2,"column":52}},"2":{"start":{"line":3,"column":0},"end":{"line":3,"column":54}}},"fnMap":{},"branchMap":{},"s":{"0":1,"1":1,"2":1},"f":{},"b":{},"_coverageSchema":"1a1c01bbd47fc00a2c39e90264f33305004495a9","hash":"a3639db6adbc7f8a7b760dfb9dde614079de8fbe"}
,"/Users/victorramirez/Documents/repos-interview/docker-node-express-boilerplate/app/helpers/APIError.js": {"path":"/Users/victorramirez/Documents/repos-interview/docker-node-express-boilerplate/app/helpers/APIError.js","statementMap":{"0":{"start":{"line":14,"column":4},"end":{"line":14,"column":19}},"1":{"start":{"line":15,"column":4},"end":{"line":15,"column":25}},"2":{"start":{"line":16,"column":4},"end":{"line":16,"column":23}},"3":{"start":{"line":17,"column":4},"end":{"line":17,"column":27}},"4":{"start":{"line":20,"column":39},"end":{"line":20,"column":43}},"5":{"start":{"line":21,"column":4},"end":{"line":27,"column":6}},"6":{"start":{"line":31,"column":0},"end":{"line":31,"column":26}}},"fnMap":{"0":{"name":"(anonymous_0)","decl":{"start":{"line":9,"column":2},"end":{"line":9,"column":3}},"loc":{"start":{"line":13,"column":4},"end":{"line":18,"column":3}},"line":13},"1":{"name":"(anonymous_1)","decl":{"start":{"line":19,"column":2},"end":{"line":19,"column":3}},"loc":{"start":{"line":19,"column":11},"end":{"line":28,"column":3}},"line":19}},"branchMap":{"0":{"loc":{"start":{"line":10,"column":4},"end":{"line":10,"column":16}},"type":"default-arg","locations":[{"start":{"line":10,"column":13},"end":{"line":10,"column":16}}],"line":10},"1":{"loc":{"start":{"line":11,"column":4},"end":{"line":11,"column":35}},"type":"default-arg","locations":[{"start":{"line":11,"column":12},"end":{"line":11,"column":35}}],"line":11},"2":{"loc":{"start":{"line":12,"column":4},"end":{"line":12,"column":49}},"type":"default-arg","locations":[{"start":{"line":12,"column":14},"end":{"line":12,"column":49}}],"line":12}},"s":{"0":5,"1":5,"2":5,"3":5,"4":1,"5":1,"6":2},"f":{"0":5,"1":1},"b":{"0":[0],"1":[0],"2":[0]},"_coverageSchema":"1a1c01bbd47fc00a2c39e90264f33305004495a9","hash":"7997d75b44e643c6e03ebffbad49582c9f359503"}
,"/Users/victorramirez/Documents/repos-interview/docker-node-express-boilerplate/app/helpers/index.js": {"path":"/Users/victorramirez/Documents/repos-interview/docker-node-express-boilerplate/app/helpers/index.js","statementMap":{"0":{"start":{"line":1,"column":0},"end":{"line":1,"column":41}},"1":{"start":{"line":2,"column":0},"end":{"line":2,"column":53}}},"fnMap":{},"branchMap":{},"s":{"0":2,"1":2},"f":{},"b":{},"_coverageSchema":"1a1c01bbd47fc00a2c39e90264f33305004495a9","hash":"63f35fa8a46f208bbf87b03242a264466be62c2c"}
,"/Users/victorramirez/Documents/repos-interview/docker-node-express-boilerplate/app/helpers/parseSkipLimit.js": {"path":"/Users/victorramirez/Documents/repos-interview/docker-node-express-boilerplate/app/helpers/parseSkipLimit.js","statementMap":{"0":{"start":{"line":1,"column":17},"end":{"line":1,"column":38}},"1":{"start":{"line":10,"column":2},"end":{"line":12,"column":3}},"2":{"start":{"line":11,"column":4},"end":{"line":11,"column":16}},"3":{"start":{"line":13,"column":14},"end":{"line":13,"column":37}},"4":{"start":{"line":14,"column":14},"end":{"line":14,"column":18}},"5":{"start":{"line":16,"column":2},"end":{"line":28,"column":3}},"6":{"start":{"line":17,"column":4},"end":{"line":21,"column":6}},"7":{"start":{"line":22,"column":9},"end":{"line":28,"column":3}},"8":{"start":{"line":23,"column":4},"end":{"line":27,"column":6}},"9":{"start":{"line":30,"column":2},"end":{"line":30,"column":13}},"10":{"start":{"line":33,"column":0},"end":{"line":33,"column":32}}},"fnMap":{"0":{"name":"parseSkipLimit","decl":{"start":{"line":9,"column":9},"end":{"line":9,"column":23}},"loc":{"start":{"line":9,"column":57},"end":{"line":31,"column":1}},"line":9}},"branchMap":{"0":{"loc":{"start":{"line":9,"column":29},"end":{"line":9,"column":39}},"type":"default-arg","locations":[{"start":{"line":9,"column":35},"end":{"line":9,"column":39}}],"line":9},"1":{"loc":{"start":{"line":9,"column":41},"end":{"line":9,"column":55}},"type":"default-arg","locations":[{"start":{"line":9,"column":48},"end":{"line":9,"column":55}}],"line":9},"2":{"loc":{"start":{"line":10,"column":2},"end":{"line":12,"column":3}},"type":"if","locations":[{"start":{"line":10,"column":2},"end":{"line":12,"column":3}},{"start":{},"end":{}}],"line":10},"3":{"loc":{"start":{"line":13,"column":14},"end":{"line":13,"column":37}},"type":"cond-expr","locations":[{"start":{"line":13,"column":32},"end":{"line":13,"column":33}},{"start":{"line":13,"column":36},"end":{"line":13,"column":37}}],"line":13},"4":{"loc":{"start":{"line":16,"column":2},"end":{"line":28,"column":3}},"type":"if","locations":[{"start":{"line":16,"column":2},"end":{"line":28,"column":3}},{"start":{"line":22,"column":9},"end":{"line":28,"column":3}}],"line":16},"5":{"loc":{"start":{"line":22,"column":9},"end":{"line":28,"column":3}},"type":"if","locations":[{"start":{"line":22,"column":9},"end":{"line":28,"column":3}},{"start":{},"end":{}}],"line":22},"6":{"loc":{"start":{"line":22,"column":13},"end":{"line":22,"column":44}},"type":"binary-expr","locations":[{"start":{"line":22,"column":13},"end":{"line":22,"column":22}},{"start":{"line":22,"column":27},"end":{"line":22,"column":30}},{"start":{"line":22,"column":34},"end":{"line":22,"column":43}}],"line":22}},"s":{"0":2,"1":9,"2":2,"3":7,"4":7,"5":7,"6":1,"7":6,"8":3,"9":3,"10":2},"f":{"0":9},"b":{"0":[6],"1":[8],"2":[2,7],"3":[1,6],"4":[1,6],"5":[3,3],"6":[6,4,4]},"_coverageSchema":"1a1c01bbd47fc00a2c39e90264f33305004495a9","hash":"de238db59ff69821e3d96c37d3ca7eb8ff272e00"}
,"/Users/victorramirez/Documents/repos-interview/docker-node-express-boilerplate/app/models/Collective.js": {"path":"/Users/victorramirez/Documents/repos-interview/docker-node-express-boilerplate/app/models/Collective.js","statementMap":{"0":{"start":{"line":2,"column":17},"end":{"line":2,"column":36}},"1":{"start":{"line":5,"column":21},"end":{"line":5,"column":42}},"2":{"start":{"line":8,"column":15},"end":{"line":8,"column":30}},"3":{"start":{"line":10,"column":15},"end":{"line":10,"column":19}},"4":{"start":{"line":12,"column":25},"end":{"line":19,"column":2}},"5":{"start":{"line":21,"column":0},"end":{"line":126,"column":2}},"6":{"start":{"line":28,"column":22},"end":{"line":28,"column":70}},"7":{"start":{"line":29,"column":4},"end":{"line":35,"column":5}},"8":{"start":{"line":30,"column":6},"end":{"line":34,"column":8}},"9":{"start":{"line":36,"column":23},"end":{"line":36,"column":49}},"10":{"start":{"line":37,"column":4},"end":{"line":37,"column":33}},"11":{"start":{"line":45,"column":20},"end":{"line":45,"column":57}},"12":{"start":{"line":46,"column":4},"end":{"line":52,"column":5}},"13":{"start":{"line":47,"column":6},"end":{"line":51,"column":8}},"14":{"start":{"line":53,"column":4},"end":{"line":53,"column":30}},"15":{"start":{"line":61,"column":23},"end":{"line":61,"column":51}},"16":{"start":{"line":63,"column":4},"end":{"line":69,"column":5}},"17":{"start":{"line":64,"column":6},"end":{"line":68,"column":8}},"18":{"start":{"line":70,"column":4},"end":{"line":70,"column":33}},"19":{"start":{"line":81,"column":24},"end":{"line":85,"column":13}},"20":{"start":{"line":87,"column":4},"end":{"line":89,"column":5}},"21":{"start":{"line":88,"column":6},"end":{"line":88,"column":16}},"22":{"start":{"line":90,"column":4},"end":{"line":90,"column":66}},"23":{"start":{"line":90,"column":43},"end":{"line":90,"column":64}},"24":{"start":{"line":97,"column":24},"end":{"line":100,"column":13}},"25":{"start":{"line":102,"column":4},"end":{"line":104,"column":5}},"26":{"start":{"line":103,"column":6},"end":{"line":103,"column":16}},"27":{"start":{"line":105,"column":4},"end":{"line":105,"column":55}},"28":{"start":{"line":105,"column":43},"end":{"line":105,"column":53}},"29":{"start":{"line":114,"column":23},"end":{"line":116,"column":6}},"30":{"start":{"line":117,"column":4},"end":{"line":123,"column":5}},"31":{"start":{"line":118,"column":6},"end":{"line":122,"column":8}},"32":{"start":{"line":124,"column":4},"end":{"line":124,"column":33}},"33":{"start":{"line":129,"column":0},"end":{"line":129,"column":79}},"34":{"start":{"line":129,"column":40},"end":{"line":129,"column":79}},"35":{"start":{"line":130,"column":0},"end":{"line":135,"column":2}},"36":{"start":{"line":131,"column":22},"end":{"line":131,"column":25}},"37":{"start":{"line":132,"column":2},"end":{"line":132,"column":25}},"38":{"start":{"line":133,"column":2},"end":{"line":133,"column":25}},"39":{"start":{"line":134,"column":2},"end":{"line":134,"column":21}},"40":{"start":{"line":138,"column":0},"end":{"line":138,"column":65}},"41":{"start":{"line":140,"column":0},"end":{"line":140,"column":64}}},"fnMap":{"0":{"name":"(anonymous_0)","decl":{"start":{"line":27,"column":2},"end":{"line":27,"column":3}},"loc":{"start":{"line":27,"column":40},"end":{"line":38,"column":3}},"line":27},"1":{"name":"(anonymous_1)","decl":{"start":{"line":44,"column":2},"end":{"line":44,"column":3}},"loc":{"start":{"line":44,"column":31},"end":{"line":54,"column":3}},"line":44},"2":{"name":"(anonymous_2)","decl":{"start":{"line":60,"column":2},"end":{"line":60,"column":3}},"loc":{"start":{"line":60,"column":28},"end":{"line":71,"column":3}},"line":60},"3":{"name":"(anonymous_3)","decl":{"start":{"line":80,"column":2},"end":{"line":80,"column":3}},"loc":{"start":{"line":80,"column":51},"end":{"line":91,"column":3}},"line":80},"4":{"name":"(anonymous_4)","decl":{"start":{"line":90,"column":27},"end":{"line":90,"column":28}},"loc":{"start":{"line":90,"column":43},"end":{"line":90,"column":64}},"line":90},"5":{"name":"(anonymous_5)","decl":{"start":{"line":96,"column":2},"end":{"line":96,"column":3}},"loc":{"start":{"line":96,"column":20},"end":{"line":106,"column":3}},"line":96},"6":{"name":"(anonymous_6)","decl":{"start":{"line":105,"column":27},"end":{"line":105,"column":28}},"loc":{"start":{"line":105,"column":43},"end":{"line":105,"column":53}},"line":105},"7":{"name":"(anonymous_7)","decl":{"start":{"line":113,"column":2},"end":{"line":113,"column":3}},"loc":{"start":{"line":113,"column":49},"end":{"line":125,"column":3}},"line":113},"8":{"name":"(anonymous_8)","decl":{"start":{"line":130,"column":46},"end":{"line":130,"column":47}},"loc":{"start":{"line":130,"column":58},"end":{"line":135,"column":1}},"line":130}},"branchMap":{"0":{"loc":{"start":{"line":29,"column":4},"end":{"line":35,"column":5}},"type":"if","locations":[{"start":{"line":29,"column":4},"end":{"line":35,"column":5}},{"start":{},"end":{}}],"line":29},"1":{"loc":{"start":{"line":46,"column":4},"end":{"line":52,"column":5}},"type":"if","locations":[{"start":{"line":46,"column":4},"end":{"line":52,"column":5}},{"start":{},"end":{}}],"line":46},"2":{"loc":{"start":{"line":63,"column":4},"end":{"line":69,"column":5}},"type":"if","locations":[{"start":{"line":63,"column":4},"end":{"line":69,"column":5}},{"start":{},"end":{}}],"line":63},"3":{"loc":{"start":{"line":82,"column":13},"end":{"line":82,"column":32}},"type":"binary-expr","locations":[{"start":{"line":82,"column":13},"end":{"line":82,"column":18}},{"start":{"line":82,"column":22},"end":{"line":82,"column":32}}],"line":82},"4":{"loc":{"start":{"line":87,"column":4},"end":{"line":89,"column":5}},"type":"if","locations":[{"start":{"line":87,"column":4},"end":{"line":89,"column":5}},{"start":{},"end":{}}],"line":87},"5":{"loc":{"start":{"line":102,"column":4},"end":{"line":104,"column":5}},"type":"if","locations":[{"start":{"line":102,"column":4},"end":{"line":104,"column":5}},{"start":{},"end":{}}],"line":102},"6":{"loc":{"start":{"line":117,"column":4},"end":{"line":123,"column":5}},"type":"if","locations":[{"start":{"line":117,"column":4},"end":{"line":123,"column":5}},{"start":{},"end":{}}],"line":117},"7":{"loc":{"start":{"line":129,"column":0},"end":{"line":129,"column":79}},"type":"if","locations":[{"start":{"line":129,"column":0},"end":{"line":129,"column":79}},{"start":{},"end":{}}],"line":129}},"s":{"0":1,"1":1,"2":1,"3":1,"4":1,"5":1,"6":2,"7":2,"8":0,"9":2,"10":2,"11":1,"12":1,"13":0,"14":1,"15":0,"16":0,"17":0,"18":0,"19":1,"20":1,"21":0,"22":1,"23":1,"24":1,"25":1,"26":0,"27":1,"28":1,"29":1,"30":1,"31":0,"32":1,"33":1,"34":1,"35":1,"36":5,"37":5,"38":5,"39":5,"40":1,"41":1},"f":{"0":2,"1":1,"2":0,"3":1,"4":1,"5":1,"6":1,"7":1,"8":5},"b":{"0":[0,2],"1":[0,1],"2":[0,0],"3":[1,0],"4":[0,1],"5":[0,1],"6":[0,1],"7":[1,0]},"_coverageSchema":"1a1c01bbd47fc00a2c39e90264f33305004495a9","hash":"4a56f372a25f1a747ebb49ee4ce69fc79db8ba6e"}
,"/Users/victorramirez/Documents/repos-interview/docker-node-express-boilerplate/app/models/index.js": {"path":"/Users/victorramirez/Documents/repos-interview/docker-node-express-boilerplate/app/models/index.js","statementMap":{"0":{"start":{"line":1,"column":0},"end":{"line":1,"column":45}}},"fnMap":{},"branchMap":{},"s":{"0":1},"f":{},"b":{},"_coverageSchema":"1a1c01bbd47fc00a2c39e90264f33305004495a9","hash":"eb1f57395f142d99f197b635601dd1f27f3f9f85"}
,"/Users/victorramirez/Documents/repos-interview/docker-node-express-boilerplate/app/routers/collective.js": {"path":"/Users/victorramirez/Documents/repos-interview/docker-node-express-boilerplate/app/routers/collective.js","statementMap":{"0":{"start":{"line":2,"column":16},"end":{"line":2,"column":34}},"1":{"start":{"line":5,"column":50},"end":{"line":5,"column":72}},"2":{"start":{"line":8,"column":15},"end":{"line":8,"column":35}},"3":{"start":{"line":9,"column":27},"end":{"line":9,"column":45}},"4":{"start":{"line":16,"column":4},"end":{"line":16,"column":21}},"5":{"start":{"line":19,"column":0},"end":{"line":19,"column":60}},"6":{"start":{"line":21,"column":0},"end":{"line":21,"column":39}},"7":{"start":{"line":24,"column":0},"end":{"line":28,"column":28}},"8":{"start":{"line":30,"column":0},"end":{"line":30,"column":24}}},"fnMap":{},"branchMap":{},"s":{"0":1,"1":1,"2":1,"3":1,"4":1,"5":1,"6":1,"7":1,"8":1},"f":{},"b":{},"_coverageSchema":"1a1c01bbd47fc00a2c39e90264f33305004495a9","hash":"b69617fe0ce56d3522e8fa2f345b46909d1d3bfd"}
,"/Users/victorramirez/Documents/repos-interview/docker-node-express-boilerplate/app/routers/index.js": {"path":"/Users/victorramirez/Documents/repos-interview/docker-node-express-boilerplate/app/routers/index.js","statementMap":{"0":{"start":{"line":1,"column":0},"end":{"line":1,"column":51}}},"fnMap":{},"branchMap":{},"s":{"0":1},"f":{},"b":{},"_coverageSchema":"1a1c01bbd47fc00a2c39e90264f33305004495a9","hash":"67edc2b387a54aa0a5daa1ec4ce1c194692bbca2"}
}
