TN:
SF:app/app.js
FNF:0
FNH:0
DA:2,1
DA:3,1
DA:6,1
DA:7,1
DA:8,1
DA:11,1
DA:12,1
DA:18,1
DA:21,1
DA:24,1
DA:25,1
DA:26,1
DA:29,1
DA:31,1
DA:34,1
DA:36,1
DA:38,1
DA:44,1
LF:18
LH:18
BRF:0
BRH:0
end_of_record
TN:
SF:app/config.js
FN:10,connectToDatabase
FN:36,globalResponseHeaders
FNF:2
FNH:2
FNDA:1,connectToDatabase
FNDA:7,globalResponseHeaders
DA:1,1
DA:3,1
DA:4,1
DA:5,1
DA:12,1
DA:14,1
DA:15,1
DA:16,1
DA:19,1
DA:20,1
DA:25,1
DA:27,0
DA:28,0
DA:37,7
DA:38,7
DA:39,7
DA:43,7
DA:47,7
DA:48,7
DA:51,1
LF:20
LH:18
BRDA:5,0,0,1
BRDA:5,0,1,1
BRDA:12,1,0,1
BRDA:12,1,1,0
BRDA:15,2,0,1
BRDA:15,2,1,0
BRDA:15,3,0,1
BRDA:15,3,1,1
BRF:8
BRH:6
end_of_record
TN:
SF:app/dtos/index.js
FNF:0
FNH:0
DA:1,1
LF:1
LH:1
BRF:0
BRH:0
end_of_record
TN:
SF:app/handlers/collective.js
FN:6,createCollective
FN:13,(anonymous_1)
FN:32,getCollective
FN:46,updateCollective
FN:55,(anonymous_4)
FN:72,deleteCollective
FN:85,getGroups
FNF:7
FNH:5
FNDA:3,createCollective
FNDA:2,(anonymous_1)
FNDA:0,getCollective
FNDA:1,updateCollective
FNDA:0,(anonymous_4)
FNDA:1,deleteCollective
FNDA:1,getGroups
DA:1,1
DA:2,1
DA:3,1
DA:4,1
DA:7,3
DA:8,3
DA:9,1
DA:13,2
DA:18,2
DA:19,2
DA:22,2
DA:24,0
DA:33,0
DA:34,0
DA:35,0
DA:36,0
DA:38,0
DA:47,1
DA:49,1
DA:50,1
DA:51,0
DA:55,0
DA:60,1
DA:61,1
DA:62,1
DA:64,0
DA:73,1
DA:74,1
DA:75,1
DA:76,1
DA:78,0
DA:86,1
DA:87,1
DA:88,1
DA:90,0
DA:94,1
LF:36
LH:25
BRDA:8,0,0,1
BRDA:8,0,1,2
BRDA:50,1,0,0
BRDA:50,1,1,1
BRF:4
BRH:3
end_of_record
TN:
SF:app/handlers/collectives.js
FN:4,getCollectives
FNF:1
FNH:1
FNDA:1,getCollectives
DA:1,1
DA:2,1
DA:5,1
DA:6,1
DA:7,1
DA:8,0
DA:9,1
DA:10,0
DA:13,1
DA:14,1
DA:15,1
DA:17,0
DA:21,1
LF:13
LH:10
BRDA:5,0,0,1
BRDA:5,0,1,1
BRDA:6,1,0,1
BRDA:6,1,1,1
BRDA:7,2,0,0
BRDA:7,2,1,1
BRDA:9,3,0,0
BRDA:9,3,1,1
BRF:8
BRH:6
end_of_record
TN:
SF:app/handlers/error.js
FN:4,bodyParserHandler
FN:11,fourOhFourHandler
FN:21,fourOhFiveHandler
FN:31,globalErrorHandler
FNF:4
FNH:1
FNDA:0,bodyParserHandler
FNDA:0,fourOhFourHandler
FNDA:0,fourOhFiveHandler
FNDA:1,globalErrorHandler
DA:1,1
DA:2,1
DA:5,0
DA:7,0
DA:12,0
DA:22,0
DA:32,1
DA:33,1
DA:34,0
DA:37,1
DA:40,1
LF:11
LH:6
BRDA:5,0,0,0
BRDA:5,0,1,0
BRDA:5,1,0,0
BRDA:5,1,1,0
BRDA:33,2,0,0
BRDA:33,2,1,1
BRF:6
BRH:1
end_of_record
TN:
SF:app/handlers/index.js
FNF:0
FNH:0
DA:1,1
DA:2,1
DA:3,1
LF:3
LH:3
BRF:0
BRH:0
end_of_record
TN:
SF:app/helpers/APIError.js
FN:9,(anonymous_0)
FN:19,(anonymous_1)
FNF:2
FNH:2
FNDA:5,(anonymous_0)
FNDA:1,(anonymous_1)
DA:14,5
DA:15,5
DA:16,5
DA:17,5
DA:20,1
DA:21,1
DA:31,2
LF:7
LH:7
BRDA:10,0,0,0
BRDA:11,1,0,0
BRDA:12,2,0,0
BRF:3
BRH:0
end_of_record
TN:
SF:app/helpers/index.js
FNF:0
FNH:0
DA:1,2
DA:2,2
LF:2
LH:2
BRF:0
BRH:0
end_of_record
TN:
SF:app/helpers/parseSkipLimit.js
FN:9,parseSkipLimit
FNF:1
FNH:1
FNDA:9,parseSkipLimit
DA:1,2
DA:10,9
DA:11,2
DA:13,7
DA:14,7
DA:16,7
DA:17,1
DA:22,6
DA:23,3
DA:30,3
DA:33,2
LF:11
LH:11
BRDA:9,0,0,6
BRDA:9,1,0,8
BRDA:10,2,0,2
BRDA:10,2,1,7
BRDA:13,3,0,1
BRDA:13,3,1,6
BRDA:16,4,0,1
BRDA:16,4,1,6
BRDA:22,5,0,3
BRDA:22,5,1,3
BRDA:22,6,0,6
BRDA:22,6,1,4
BRDA:22,6,2,4
BRF:13
BRH:13
end_of_record
TN:
SF:app/models/Collective.js
FN:27,(anonymous_0)
FN:44,(anonymous_1)
FN:60,(anonymous_2)
FN:80,(anonymous_3)
FN:90,(anonymous_4)
FN:96,(anonymous_5)
FN:105,(anonymous_6)
FN:113,(anonymous_7)
FN:130,(anonymous_8)
FNF:9
FNH:8
FNDA:2,(anonymous_0)
FNDA:1,(anonymous_1)
FNDA:0,(anonymous_2)
FNDA:1,(anonymous_3)
FNDA:1,(anonymous_4)
FNDA:1,(anonymous_5)
FNDA:1,(anonymous_6)
FNDA:1,(anonymous_7)
FNDA:5,(anonymous_8)
DA:2,1
DA:5,1
DA:8,1
DA:10,1
DA:12,1
DA:21,1
DA:28,2
DA:29,2
DA:30,0
DA:36,2
DA:37,2
DA:45,1
DA:46,1
DA:47,0
DA:53,1
DA:61,0
DA:63,0
DA:64,0
DA:70,0
DA:81,1
DA:87,1
DA:88,0
DA:90,1
DA:97,1
DA:102,1
DA:103,0
DA:105,1
DA:114,1
DA:117,1
DA:118,0
DA:124,1
DA:129,1
DA:130,1
DA:131,5
DA:132,5
DA:133,5
DA:134,5
DA:138,1
DA:140,1
LF:39
LH:30
BRDA:29,0,0,0
BRDA:29,0,1,2
BRDA:46,1,0,0
BRDA:46,1,1,1
BRDA:63,2,0,0
BRDA:63,2,1,0
BRDA:82,3,0,1
BRDA:82,3,1,0
BRDA:87,4,0,0
BRDA:87,4,1,1
BRDA:102,5,0,0
BRDA:102,5,1,1
BRDA:117,6,0,0
BRDA:117,6,1,1
BRDA:129,7,0,1
BRDA:129,7,1,0
BRF:16
BRH:7
end_of_record
TN:
SF:app/models/index.js
FNF:0
FNH:0
DA:1,1
LF:1
LH:1
BRF:0
BRH:0
end_of_record
TN:
SF:app/routers/collective.js
FNF:0
FNH:0
DA:2,1
DA:5,1
DA:8,1
DA:9,1
DA:16,1
DA:19,1
DA:21,1
DA:24,1
DA:30,1
LF:9
LH:9
BRF:0
BRH:0
end_of_record
TN:
SF:app/routers/index.js
FNF:0
FNH:0
DA:1,1
LF:1
LH:1
BRF:0
BRH:0
end_of_record
